build/micromod/mod-stm32f1-v5/Release/CMakeFiles/startup_code.dir/src/swerve_module.cpp.obj
00000000 00000002 W std::pmr::monotonic_buffer_resource::do_deallocate(void*, unsigned int, unsigned int)
00000000 00000004 T sjsu::drive::swerve_module::get_steer_offset()
00000000 00000006 T sjsu::drive::swerve_module::tolerance_timed_out() const
00000000 00000008 V typeinfo for hal::exception
00000000 0000000c V typeinfo for hal::argument_out_of_domain
00000000 0000000e T sjsu::drive::swerve_module::get_target_state() const
00000000 0000000e T sjsu::drive::swerve_module::get_actual_state_cache() const
00000000 00000011 V typeinfo name for hal::exception
00000000 0000001f V typeinfo name for hal::argument_out_of_domain
00000000 00000022 T sjsu::drive::swerve_module::stopped() const
00000000 0000002c W hal::serial_v5_to_legacy_converter::driver_write(std::span<unsigned char const, 4294967295u>)
00000000 00000034 T sjsu::drive::swerve_module::can_reach_state(sjsu::drive::swerve_module_state const&) const
00000000 0000003e T sjsu::drive::swerve_module::refresh_actual_state_cache()
00000000 00000050 W hal::v5::detail::ptr_release(hal::v5::detail::ref_info*)
00000000 0000005c W void hal::print<char const (&) [30]>(hal::serial&, char const (&) [30])
00000000 0000005c W void hal::print<char const (&) [8]>(hal::serial&, char const (&) [8])
00000000 0000005c W void hal::print<char const (&) [9]>(hal::serial&, char const (&) [9])
00000000 00000074 W void hal::print<128u, bool>(hal::serial&, char const*, bool)
00000000 00000078 T sjsu::drive::swerve_module::update_tolerance_debouncer()
00000000 0000007e T sjsu::drive::swerve_module::valid_interpolation(sjsu::drive::swerve_module_state const&) const
00000000 00000080 W void hal::print<128u, float>(hal::serial&, char const*, float)
00000000 00000094 T sjsu::drive::swerve_module::get_prop_motor_velocity()
00000000 000000b4 T sjsu::drive::swerve_module::get_steer_motor_position()
00000000 000000b8 T sjsu::drive::swerve_module::set_prop_motor_velocity(float)
00000000 000000b8 T sjsu::drive::swerve_module::set_steer_motor_position(float)
00000000 000000bc T sjsu::drive::swerve_module::stop()
00000000 000000cc T sjsu::drive::swerve_module::swerve_module(hal::v5::strong_ptr<hal::actuator::rmd_mc_x_v2>, hal::v5::strong_ptr<hal::actuator::rmd_mc_x_v2>, hal::v5::strong_ptr<hal::input_pin>, hal::v5::strong_ptr<hal::steady_clock>, sjsu::drive::swerve_module_settings)
00000000 000000cc T sjsu::drive::swerve_module::swerve_module(hal::v5::strong_ptr<hal::actuator::rmd_mc_x_v2>, hal::v5::strong_ptr<hal::actuator::rmd_mc_x_v2>, hal::v5::strong_ptr<hal::input_pin>, hal::v5::strong_ptr<hal::steady_clock>, sjsu::drive::swerve_module_settings)
00000000 000000f4 T sjsu::drive::swerve_module::set_steer_motor_velocity(float)
00000000 00000140 T sjsu::drive::swerve_module::hard_home()
00000000 000003fc T sjsu::drive::swerve_module::set_target_state(sjsu::drive::swerve_module_state const&)
build/micromod/mod-stm32f1-v5/Release/CMakeFiles/startup_code.dir/src/drivetrain_math.cpp.obj
00000000 0000004c T sjsu::drive::get_clock_time(hal::steady_clock&)
00000000 00000056 T sjsu::drive::calculate_total_interpolation_time(sjsu::drive::swerve_module const&, sjsu::drive::swerve_module_state const&)
00000000 0000005c T sjsu::drive::chassis_velocities_to_module_vector(sjsu::drive::chassis_velocities const&, sjsu::drive::swerve_module const&)
00000000 0000007e T sjsu::drive::calculate_total_interpolation_time(std::array<hal::v5::strong_ptr<sjsu::drive::swerve_module>, 4u> const&, std::array<sjsu::drive::swerve_module_state, 4u> const&)
00000000 00000088 T sjsu::drive::modulus_range(float, float, float)
00000000 0000008e T sjsu::drive::interpolate_state(float, sjsu::drive::swerve_module_state const&, sjsu::drive::swerve_module_state const&)
00000000 000000d0 T sjsu::drive::chassis_velocities_to_module_vectors(sjsu::drive::chassis_velocities const&, std::array<hal::v5::strong_ptr<sjsu::drive::swerve_module>, 4u> const&)
00000000 000000f6 T sjsu::drive::scale_down_propulsion_speed(std::array<hal::v5::strong_ptr<sjsu::drive::swerve_module>, 4u>&, std::array<sjsu::drive::swerve_module_state, 4u>)
00000000 00000176 T sjsu::drive::interpolate_states(float, std::array<hal::v5::strong_ptr<sjsu::drive::swerve_module>, 4u> const&, std::array<sjsu::drive::swerve_module_state, 4u> const&)
00000000 00000218 T sjsu::drive::calculate_freest_state(sjsu::drive::swerve_module const&, sjsu::drive::vector2d const&)
00000000 00000238 T sjsu::drive::calculate_closest_state(sjsu::drive::swerve_module const&, sjsu::drive::vector2d const&)
build/micromod/mod-stm32f1-v5/Release/CMakeFiles/startup_code.dir/src/drivetrain.cpp.obj
00000000 00000002 W std::pmr::monotonic_buffer_resource::do_deallocate(void*, unsigned int, unsigned int)
00000000 00000008 V typeinfo for hal::exception
00000000 0000000c V typeinfo for hal::argument_out_of_domain
00000000 0000000e T sjsu::drive::drivetrain::get_target_state()
00000000 0000000e T sjsu::drive::drivetrain::get_state_estimate() const
00000000 00000011 V typeinfo name for hal::exception
00000000 0000001a T sjsu::drive::drivetrain::hard_home()
00000000 0000001c T sjsu::drive::drivetrain::stopped() const
00000000 0000001f V typeinfo name for hal::argument_out_of_domain
00000000 00000028 T sjsu::drive::drivetrain::refresh_telemetry()
00000000 0000002c W hal::serial_v5_to_legacy_converter::driver_write(std::span<unsigned char const, 4294967295u>)
00000000 00000030 T sjsu::drive::drivetrain::stop()
00000000 0000003c T sjsu::drive::drivetrain::get_steer_offset(unsigned int) const
00000000 00000044 T sjsu::drive::drivetrain::drivetrain(hal::v5::strong_ptr<std::array<hal::v5::strong_ptr<sjsu::drive::swerve_module>, 4u> >, float)
00000000 00000044 T sjsu::drive::drivetrain::drivetrain(hal::v5::strong_ptr<std::array<hal::v5::strong_ptr<sjsu::drive::swerve_module>, 4u> >, float)
00000000 0000004e T sjsu::drive::drivetrain::aligned() const
00000000 00000050 W hal::v5::detail::ptr_release(hal::v5::detail::ref_info*)
00000000 0000005c W void hal::print<char const (&) [20]>(hal::serial&, char const (&) [20])
00000000 0000008c W void hal::print<128u, float, float>(hal::serial&, char const*, float, float)
00000000 0000024c T sjsu::drive::drivetrain::set_target_state(sjsu::drive::chassis_velocities, bool)
00000000 000002d4 T sjsu::drive::drivetrain::periodic()
build/micromod/mod-stm32f1-v5/Release/CMakeFiles/startup_code.dir/code/drivers/src/serial_commands.cpp.obj
00000000 00000008 V typeinfo for hal::exception
00000000 0000000c V typeinfo for hal::argument_out_of_domain
00000000 00000011 V typeinfo name for hal::exception
00000000 0000001f V typeinfo name for hal::argument_out_of_domain
00000000 00000024 T sjsu::drivers::serial_commands::handler::handler(hal::v5::strong_ptr<hal::serial>)
00000000 00000024 T sjsu::drivers::serial_commands::handler::handler(hal::v5::strong_ptr<hal::serial>)
00000000 0000002c W hal::serial_v5_to_legacy_converter::driver_write(std::span<unsigned char const, 4294967295u>)
00000000 00000040 T sjsu::drivers::serial_commands::parse_int(std::span<unsigned char, 4294967295u>)
00000000 00000044 T sjsu::drivers::serial_commands::parse_float(std::span<unsigned char, 4294967295u>)
00000000 00000046 T sjsu::drivers::serial_commands::handler::prefix_match(char const*, std::span<unsigned char, 4294967295u>)
00000000 00000072 T sjsu::drivers::serial_commands::handler::parse(std::span<std::span<unsigned char, 4294967295u>, 4294967295u>&)
00000000 000000c2 W hal::serial_v5_to_legacy_converter::driver_read(std::span<unsigned char, 4294967295u>)
00000000 000001f4 T sjsu::drivers::serial_commands::handler::handle(std::span<sjsu::drivers::serial_commands::def, 4294967295u>)
00000000 0000025c T sjsu::drivers::serial_commands::handler::read()
build/micromod/mod-stm32f1-v5/Release/CMakeFiles/startup_code.dir/main.cpp.obj
00000000 00000002 W std::pmr::monotonic_buffer_resource::do_deallocate(void*, unsigned int, unsigned int)
00000000 00000002 T operator delete[](void*)
00000000 00000002 T operator delete[](void*, std::align_val_t)
00000000 00000002 T operator delete[](void*, unsigned int)
00000000 00000002 T operator delete(void*)
00000000 00000002 T operator delete(void*, std::align_val_t)
00000000 00000002 T operator delete(void*, unsigned int)
00000000 00000002 T __assert_func
00000000 00000006 T operator new[](unsigned int)
00000000 00000008 V typeinfo for hal::exception
00000000 00000008 V typeinfo for std::exception
00000000 0000000c V typeinfo for std::bad_alloc
00000000 0000000d V typeinfo name for std::bad_alloc
00000000 0000000d V typeinfo name for std::exception
00000000 00000011 V typeinfo name for hal::exception
00000000 00000020 T operator new(unsigned int)
00000000 00000020 T operator new(unsigned int, std::align_val_t)
00000000 0000002c W hal::serial_v5_to_legacy_converter::driver_write(std::span<unsigned char const, 4294967295u>)
00000000 00000050 W hal::v5::detail::ptr_release(hal::v5::detail::ref_info*)
00000000 00000060 T main
00000000 00000074 W void hal::print<64u, std::errc>(hal::serial&, char const*, std::errc)
build/micromod/mod-stm32f1-v5/Release/CMakeFiles/startup_code.dir/platforms/stm32f103c8.cpp.obj
00000000 00000001 b sjsu::drive::resources::gpio_a()::gpio
00000000 00000001 b sjsu::drive::resources::gpio_b()::gpio
00000000 00000001 b sjsu::drive::resources::gpio_c()::gpio
00000000 00000002 W std::pmr::monotonic_buffer_resource::do_deallocate(void*, unsigned int, unsigned int)
00000000 00000004 b guard variable for sjsu::drive::resources::driver_allocator()::resource
00000000 00000004 b guard variable for sjsu::drive::resources::gpio_a()::gpio
00000000 00000004 b guard variable for sjsu::drive::resources::gpio_b()::gpio
00000000 00000004 b guard variable for sjsu::drive::resources::gpio_c()::gpio
00000000 00000004 W hal::v5::detail::rc<hal::stm32f1::gpio_manager::input>::destroy_function(void const*)
00000000 00000004 W hal::v5::detail::rc<hal::stm32f1::gpio_manager::output>::destroy_function(void const*)
00000000 00000004 W hal::v5::detail::rc<hal::actuator::rmd_mc_x_v2>::destroy_function(void const*)
00000000 00000004 W hal::v5::detail::rc<hal::cortex_m::dwt_counter>::destroy_function(void const*)
00000000 00000004 B sjsu::drive::resources::can_filters_index
00000000 00000008 B sjsu::drive::resources::can_manager
00000000 00000008 B sjsu::drive::resources::console_ptr
00000000 00000008 B sjsu::drive::resources::back_left_prop_ptr
00000000 00000008 B sjsu::drive::resources::swerve_modules_ptr
00000000 00000008 B sjsu::drive::resources::back_left_steer_ptr
00000000 00000008 B sjsu::drive::resources::back_right_prop_ptr
00000000 00000008 B sjsu::drive::resources::can_bus_manager_ptr
00000000 00000008 B sjsu::drive::resources::can_transceiver_ptr
00000000 00000008 B sjsu::drive::resources::front_left_prop_ptr
00000000 00000008 B sjsu::drive::resources::back_right_steer_ptr
00000000 00000008 B sjsu::drive::resources::front_left_steer_ptr
00000000 00000008 B sjsu::drive::resources::front_right_prop_ptr
00000000 00000008 B sjsu::drive::resources::front_right_steer_ptr
00000000 00000008 B sjsu::drive::resources::back_left_limit_switch_ptr
00000000 00000008 B sjsu::drive::resources::back_left_swerve_module_ptr
00000000 00000008 B sjsu::drive::resources::back_right_limit_switch_ptr
00000000 00000008 B sjsu::drive::resources::front_left_limit_switch_ptr
00000000 00000008 B sjsu::drive::resources::back_right_swerve_module_ptr
00000000 00000008 B sjsu::drive::resources::front_left_swerve_module_ptr
00000000 00000008 B sjsu::drive::resources::front_right_limit_switch_ptr
00000000 00000008 B sjsu::drive::resources::front_right_swerve_module_ptr
00000000 00000008 B sjsu::drive::resources::led_ptr
00000000 00000008 B sjsu::drive::resources::clock_ptr
00000000 00000008 V typeinfo for hal::exception
00000000 0000000c V typeinfo for hal::bad_optional_ptr_access
00000000 0000000c V typeinfo for hal::unknown
00000000 0000000f V typeinfo name for hal::unknown
00000000 00000010 B sjsu::drive::resources::can_mask
00000000 00000011 V typeinfo name for hal::exception
00000000 00000012 W hal::v5::detail::rc<hal::stm32f1::can_peripheral_manager_v2>::destroy_function(void const*)
00000000 00000012 W hal::v5::detail::rc<hal::stm32f1::uart>::destroy_function(void const*)
00000000 00000020 V typeinfo name for hal::bad_optional_ptr_access
00000000 00000020 b sjsu::drive::resources::driver_allocator()::resource
00000000 00000024 t hal::v5::optional_ptr<sjsu::drive::swerve_module>::value() [clone .part.0]
00000000 00000024 t hal::v5::optional_ptr<hal::output_pin>::value() [clone .part.0]
00000000 00000024 t hal::v5::optional_ptr<hal::can_bus_manager>::value() [clone .part.0]
00000000 00000024 t hal::v5::optional_ptr<hal::can_mask_filter>::value() [clone .part.0]
00000000 00000024 t hal::v5::optional_ptr<hal::can_transceiver>::value() [clone .part.0]
00000000 00000024 t hal::v5::optional_ptr<hal::can_identifier_filter>::value() [clone .part.0]
00000000 00000024 t hal::v5::optional_ptr<hal::serial>::value() [clone .part.0]
00000000 00000024 t hal::v5::optional_ptr<hal::stm32f1::can_peripheral_manager_v2>::value() [clone .part.0]
00000000 00000024 t hal::v5::optional_ptr<hal::actuator::rmd_mc_x_v2>::value() [clone .part.0]
00000000 00000024 t hal::v5::optional_ptr<hal::input_pin>::value() [clone .part.0]
00000000 00000024 t hal::v5::optional_ptr<std::array<hal::v5::strong_ptr<sjsu::drive::swerve_module>, 4u> >::value() [clone .part.0]
00000000 00000034 r sjsu::drive::resources::back_left_settings
00000000 00000034 r sjsu::drive::resources::back_right_settings
00000000 00000034 r sjsu::drive::resources::front_left_settings
00000000 00000034 r sjsu::drive::resources::front_right_settings
00000000 00000038 T sjsu::drive::initialize_platform()
00000000 00000040 B sjsu::drive::resources::can_identifier_filters
00000000 00000040 T sjsu::drive::resources::gpio_a()
00000000 00000040 T sjsu::drive::resources::gpio_b()
00000000 00000040 T sjsu::drive::resources::gpio_c()
00000000 00000050 W hal::v5::detail::ptr_release(hal::v5::detail::ref_info*)
00000000 00000050 W std::pmr::monotonic_buffer_resource::do_allocate(unsigned int, unsigned int)
00000000 00000052 W void hal::print<64u, std::errc>(hal::serial&, char const*, std::errc)
00000000 00000054 W hal::v5::optional_ptr<sjsu::drive::swerve_module>::~optional_ptr()
00000000 00000054 W hal::v5::optional_ptr<sjsu::drive::swerve_module>::~optional_ptr()
00000000 00000054 W hal::v5::optional_ptr<hal::output_pin>::~optional_ptr()
00000000 00000054 W hal::v5::optional_ptr<hal::output_pin>::~optional_ptr()
00000000 00000054 W hal::v5::optional_ptr<hal::can_bus_manager>::~optional_ptr()
00000000 00000054 W hal::v5::optional_ptr<hal::can_bus_manager>::~optional_ptr()
00000000 00000054 W hal::v5::optional_ptr<hal::can_transceiver>::~optional_ptr()
00000000 00000054 W hal::v5::optional_ptr<hal::can_transceiver>::~optional_ptr()
00000000 00000054 W hal::v5::optional_ptr<hal::serial>::~optional_ptr()
00000000 00000054 W hal::v5::optional_ptr<hal::serial>::~optional_ptr()
00000000 00000054 W hal::v5::optional_ptr<hal::stm32f1::can_peripheral_manager_v2>::~optional_ptr()
00000000 00000054 W hal::v5::optional_ptr<hal::stm32f1::can_peripheral_manager_v2>::~optional_ptr()
00000000 00000054 W hal::v5::optional_ptr<hal::actuator::rmd_mc_x_v2>::~optional_ptr()
00000000 00000054 W hal::v5::optional_ptr<hal::actuator::rmd_mc_x_v2>::~optional_ptr()
00000000 00000054 W hal::v5::optional_ptr<hal::cortex_m::dwt_counter>::~optional_ptr()
00000000 00000054 W hal::v5::optional_ptr<hal::cortex_m::dwt_counter>::~optional_ptr()
00000000 00000054 W hal::v5::optional_ptr<hal::input_pin>::~optional_ptr()
00000000 00000054 W hal::v5::optional_ptr<hal::input_pin>::~optional_ptr()
00000000 00000054 W hal::v5::optional_ptr<std::array<hal::v5::strong_ptr<sjsu::drive::swerve_module>, 4u> >::~optional_ptr()
00000000 00000054 W hal::v5::optional_ptr<std::array<hal::v5::strong_ptr<sjsu::drive::swerve_module>, 4u> >::~optional_ptr()
00000000 0000005c W std::array<hal::v5::optional_ptr<hal::can_mask_filter>, 2u>::~array()
00000000 0000005c W std::array<hal::v5::optional_ptr<hal::can_mask_filter>, 2u>::~array()
00000000 00000064 W std::array<hal::v5::optional_ptr<hal::can_identifier_filter>, 8u>::~array()
00000000 00000064 W std::array<hal::v5::optional_ptr<hal::can_identifier_filter>, 8u>::~array()
00000000 0000006c W hal::v5::detail::rc<std::array<hal::v5::strong_ptr<sjsu::drive::swerve_module>, 4u> >::destroy_function(void const*)
00000000 00000070 T sjsu::drive::resources::driver_allocator()
00000000 0000007c T sjsu::drive::resources::stop()
00000000 00000080 b hal::create_unique_static_buffer<hal::{lambda()#2}, hal::buffer_t<128ull> >(hal::buffer_t<128ull>)::buffer
00000000 000000a8 T sjsu::drive::resources::terminate_handler()
00000000 0000012c W hal::v5::detail::rc<sjsu::drive::swerve_module>::destroy_function(void const*)
00000000 00000170 T sjsu::drive::resources::back_left_prop()
00000000 00000170 T sjsu::drive::resources::back_left_steer()
00000000 00000170 T sjsu::drive::resources::back_right_prop()
00000000 00000170 T sjsu::drive::resources::front_left_prop()
00000000 00000170 T sjsu::drive::resources::back_right_steer()
00000000 00000170 T sjsu::drive::resources::front_right_prop()
00000000 00000170 T sjsu::drive::resources::front_right_steer()
00000000 00000198 t _GLOBAL__sub_I__ZN4sjsu5drive9resources16driver_allocatorEv
00000000 00000208 T sjsu::drive::resources::console()
00000000 00000210 T sjsu::drive::resources::clock()
00000000 0000021c T sjsu::drive::resources::can_bus_manager()
00000000 0000021c T sjsu::drive::resources::can_transceiver()
00000000 00000234 T sjsu::drive::resources::back_left_limit_switch()
00000000 00000234 T sjsu::drive::resources::back_right_limit_switch()
00000000 00000234 T sjsu::drive::resources::front_left_limit_switch()
00000000 00000234 T sjsu::drive::resources::front_right_limit_switch()
00000000 00000238 T sjsu::drive::resources::status_led()
00000000 00000268 T sjsu::drive::resources::make_rmd(unsigned short)
00000000 0000029c W hal::v5::detail::rc<sjsu::drive::swerve_module>* std::pmr::polymorphic_allocator<std::byte>::new_object<hal::v5::detail::rc<sjsu::drive::swerve_module>, std::pmr::polymorphic_allocator<std::byte>&, hal::v5::strong_ptr<hal::actuator::rmd_mc_x_v2>, hal::v5::strong_ptr<hal::actuator::rmd_mc_x_v2>, hal::v5::strong_ptr<hal::input_pin>, hal::v5::strong_ptr<hal::steady_clock>, sjsu::drive::swerve_module_settings const&>(std::pmr::polymorphic_allocator<std::byte>&, hal::v5::strong_ptr<hal::actuator::rmd_mc_x_v2>&&, hal::v5::strong_ptr<hal::actuator::rmd_mc_x_v2>&&, hal::v5::strong_ptr<hal::input_pin>&&, hal::v5::strong_ptr<hal::steady_clock>&&, sjsu::drive::swerve_module_settings const&)
00000000 00000320 T sjsu::drive::resources::get_new_can_filter()
00000000 0000032e T sjsu::drive::resources::swerve_modules()
00000000 0000034a T sjsu::drive::resources::back_left_swerve_module()
00000000 0000034a T sjsu::drive::resources::back_right_swerve_module()
00000000 0000034a T sjsu::drive::resources::front_left_swerve_module()
00000000 0000034a T sjsu::drive::resources::front_right_swerve_module()
00000000 0000043c T sjsu::drive::resources::front_left_steer()
00000000 00000584 T sjsu::drive::resources::initialize_can()
00000000 00001000 b sjsu::drive::resources::driver_allocator()::driver_memory
build/micromod/mod-stm32f1-v5/Release/CMakeFiles/serial_command_demo.elf.dir/applications/serial_command_demo.cpp.obj
00000000 00000002 W std::pmr::monotonic_buffer_resource::do_deallocate(void*, unsigned int, unsigned int)
00000000 00000008 V typeinfo for hal::exception
00000000 0000000c V typeinfo for hal::argument_out_of_domain
00000000 00000011 V typeinfo name for hal::exception
00000000 0000001f V typeinfo name for hal::argument_out_of_domain
00000000 00000026 t std::_Function_handler<void (std::span<std::span<unsigned char, 4294967295u>, 4294967295u>), sjsu::drive::application()::{lambda(auto:1)#3}>::_M_manager(std::_Any_data&, std::_Any_data const&, std::_Manager_operation)
00000000 00000026 t std::_Function_handler<void (std::span<std::span<unsigned char, 4294967295u>, 4294967295u>), sjsu::drive::application()::{lambda(auto:1)#4}>::_M_manager(std::_Any_data&, std::_Any_data const&, std::_Manager_operation)
00000000 0000002a t std::_Function_handler<void (std::span<std::span<unsigned char, 4294967295u>, 4294967295u>), sjsu::drive::application()::{lambda(auto:1)#2}>::_M_manager(std::_Any_data&, std::_Any_data const&, std::_Manager_operation)
00000000 0000002a t std::_Function_handler<void (std::span<std::span<unsigned char, 4294967295u>, 4294967295u>), sjsu::drive::application()::{lambda(auto:1)#1}>::_M_manager(std::_Any_data&, std::_Any_data const&, std::_Manager_operation)
00000000 0000002c W hal::serial_v5_to_legacy_converter::driver_write(std::span<unsigned char const, 4294967295u>)
00000000 00000050 W hal::v5::detail::ptr_release(hal::v5::detail::ref_info*)
00000000 0000005c W void hal::print<char const (&) [15]>(hal::serial&, char const (&) [15])
00000000 0000005c W void hal::print<char const (&) [30]>(hal::serial&, char const (&) [30])
00000000 0000008c W void hal::print<64u, unsigned char, float, float>(hal::serial&, char const*, unsigned char, float, float)
00000000 00000090 t std::_Function_handler<void (std::span<std::span<unsigned char, 4294967295u>, 4294967295u>), sjsu::drive::application()::{lambda(auto:1)#2}>::_M_invoke(std::_Any_data const&, std::span<std::span<unsigned char, 4294967295u>, 4294967295u>&&)
00000000 000000cc t std::_Function_handler<void (std::span<std::span<unsigned char, 4294967295u>, 4294967295u>), sjsu::drive::application()::{lambda(auto:1)#3}>::_M_invoke(std::_Any_data const&, std::span<std::span<unsigned char, 4294967295u>, 4294967295u>&&)
00000000 000000cc t std::_Function_handler<void (std::span<std::span<unsigned char, 4294967295u>, 4294967295u>), sjsu::drive::application()::{lambda(auto:1)#4}>::_M_invoke(std::_Any_data const&, std::span<std::span<unsigned char, 4294967295u>, 4294967295u>&&)
00000000 0000010c t std::_Function_handler<void (std::span<std::span<unsigned char, 4294967295u>, 4294967295u>), sjsu::drive::application()::{lambda(auto:1)#1}>::_M_invoke(std::_Any_data const&, std::span<std::span<unsigned char, 4294967295u>, 4294967295u>&&)
00000000 0000021c T sjsu::drive::application()

main.cpp.obj:
00000000 00000002 W std::pmr::monotonic_buffer_resource::do_deallocate(void*, unsigned int, unsigned int)
00000000 00000002 T operator delete[](void*)
00000000 00000002 T operator delete[](void*, std::align_val_t)
00000000 00000002 T operator delete[](void*, unsigned int)
00000000 00000002 T operator delete(void*)
00000000 00000002 T operator delete(void*, std::align_val_t)
00000000 00000002 T operator delete(void*, unsigned int)
00000000 00000002 T __assert_func
00000000 00000006 T operator new[](unsigned int)
00000000 00000008 V typeinfo for hal::exception
00000000 00000008 V typeinfo for std::exception
00000000 0000000c V typeinfo for std::bad_alloc
00000000 0000000d V typeinfo name for std::bad_alloc
00000000 0000000d V typeinfo name for std::exception
00000000 00000011 V typeinfo name for hal::exception
00000000 00000020 T operator new(unsigned int)
00000000 00000020 T operator new(unsigned int, std::align_val_t)
00000000 0000002c W hal::serial_v5_to_legacy_converter::driver_write(std::span<unsigned char const, 4294967295u>)
00000000 00000050 W hal::v5::detail::ptr_release(hal::v5::detail::ref_info*)
00000000 00000060 T main
00000000 00000074 W void hal::print<64u, std::errc>(hal::serial&, char const*, std::errc)

drivetrain_math.cpp.obj:
00000000 0000004c T sjsu::drive::get_clock_time(hal::steady_clock&)
00000000 00000056 T sjsu::drive::calculate_total_interpolation_time(sjsu::drive::swerve_module const&, sjsu::drive::swerve_module_state const&)
00000000 0000005c T sjsu::drive::chassis_velocities_to_module_vector(sjsu::drive::chassis_velocities const&, sjsu::drive::swerve_module const&)
00000000 0000007e T sjsu::drive::calculate_total_interpolation_time(std::array<hal::v5::strong_ptr<sjsu::drive::swerve_module>, 4u> const&, std::array<sjsu::drive::swerve_module_state, 4u> const&)
00000000 00000088 T sjsu::drive::modulus_range(float, float, float)
00000000 0000008e T sjsu::drive::interpolate_state(float, sjsu::drive::swerve_module_state const&, sjsu::drive::swerve_module_state const&)
00000000 000000d0 T sjsu::drive::chassis_velocities_to_module_vectors(sjsu::drive::chassis_velocities const&, std::array<hal::v5::strong_ptr<sjsu::drive::swerve_module>, 4u> const&)
00000000 000000f6 T sjsu::drive::scale_down_propulsion_speed(std::array<hal::v5::strong_ptr<sjsu::drive::swerve_module>, 4u>&, std::array<sjsu::drive::swerve_module_state, 4u>)
00000000 00000176 T sjsu::drive::interpolate_states(float, std::array<hal::v5::strong_ptr<sjsu::drive::swerve_module>, 4u> const&, std::array<sjsu::drive::swerve_module_state, 4u> const&)
00000000 00000218 T sjsu::drive::calculate_freest_state(sjsu::drive::swerve_module const&, sjsu::drive::vector2d const&)
00000000 00000238 T sjsu::drive::calculate_closest_state(sjsu::drive::swerve_module const&, sjsu::drive::vector2d const&)

drivetrain.cpp.obj:
00000000 00000002 W std::pmr::monotonic_buffer_resource::do_deallocate(void*, unsigned int, unsigned int)
00000000 00000008 V typeinfo for hal::exception
00000000 0000000c V typeinfo for hal::argument_out_of_domain
00000000 0000000e T sjsu::drive::drivetrain::get_target_state()
00000000 0000000e T sjsu::drive::drivetrain::get_state_estimate() const
00000000 00000011 V typeinfo name for hal::exception
00000000 0000001a T sjsu::drive::drivetrain::hard_home()
00000000 0000001c T sjsu::drive::drivetrain::stopped() const
00000000 0000001f V typeinfo name for hal::argument_out_of_domain
00000000 00000028 T sjsu::drive::drivetrain::refresh_telemetry()
00000000 0000002c W hal::serial_v5_to_legacy_converter::driver_write(std::span<unsigned char const, 4294967295u>)
00000000 00000030 T sjsu::drive::drivetrain::stop()
00000000 0000003c T sjsu::drive::drivetrain::get_steer_offset(unsigned int) const
00000000 00000044 T sjsu::drive::drivetrain::drivetrain(hal::v5::strong_ptr<std::array<hal::v5::strong_ptr<sjsu::drive::swerve_module>, 4u> >, float)
00000000 00000044 T sjsu::drive::drivetrain::drivetrain(hal::v5::strong_ptr<std::array<hal::v5::strong_ptr<sjsu::drive::swerve_module>, 4u> >, float)
00000000 0000004e T sjsu::drive::drivetrain::aligned() const
00000000 00000050 W hal::v5::detail::ptr_release(hal::v5::detail::ref_info*)
00000000 0000005c W void hal::print<char const (&) [20]>(hal::serial&, char const (&) [20])
00000000 0000008c W void hal::print<128u, float, float>(hal::serial&, char const*, float, float)
00000000 0000024c T sjsu::drive::drivetrain::set_target_state(sjsu::drive::chassis_velocities, bool)
00000000 000002d4 T sjsu::drive::drivetrain::periodic()

swerve_module.cpp.obj:
00000000 00000002 W std::pmr::monotonic_buffer_resource::do_deallocate(void*, unsigned int, unsigned int)
00000000 00000004 T sjsu::drive::swerve_module::get_steer_offset()
00000000 00000006 T sjsu::drive::swerve_module::tolerance_timed_out() const
00000000 00000008 V typeinfo for hal::exception
00000000 0000000c V typeinfo for hal::argument_out_of_domain
00000000 0000000e T sjsu::drive::swerve_module::get_target_state() const
00000000 0000000e T sjsu::drive::swerve_module::get_actual_state_cache() const
00000000 00000011 V typeinfo name for hal::exception
00000000 0000001f V typeinfo name for hal::argument_out_of_domain
00000000 00000022 T sjsu::drive::swerve_module::stopped() const
00000000 0000002c W hal::serial_v5_to_legacy_converter::driver_write(std::span<unsigned char const, 4294967295u>)
00000000 00000034 T sjsu::drive::swerve_module::can_reach_state(sjsu::drive::swerve_module_state const&) const
00000000 0000003e T sjsu::drive::swerve_module::refresh_actual_state_cache()
00000000 00000050 W hal::v5::detail::ptr_release(hal::v5::detail::ref_info*)
00000000 0000005c W void hal::print<char const (&) [30]>(hal::serial&, char const (&) [30])
00000000 0000005c W void hal::print<char const (&) [8]>(hal::serial&, char const (&) [8])
00000000 0000005c W void hal::print<char const (&) [9]>(hal::serial&, char const (&) [9])
00000000 00000074 W void hal::print<128u, bool>(hal::serial&, char const*, bool)
00000000 00000078 T sjsu::drive::swerve_module::update_tolerance_debouncer()
00000000 0000007e T sjsu::drive::swerve_module::valid_interpolation(sjsu::drive::swerve_module_state const&) const
00000000 00000080 W void hal::print<128u, float>(hal::serial&, char const*, float)
00000000 00000094 T sjsu::drive::swerve_module::get_prop_motor_velocity()
00000000 000000b4 T sjsu::drive::swerve_module::get_steer_motor_position()
00000000 000000b8 T sjsu::drive::swerve_module::set_prop_motor_velocity(float)
00000000 000000b8 T sjsu::drive::swerve_module::set_steer_motor_position(float)
00000000 000000bc T sjsu::drive::swerve_module::stop()
00000000 000000cc T sjsu::drive::swerve_module::swerve_module(hal::v5::strong_ptr<hal::actuator::rmd_mc_x_v2>, hal::v5::strong_ptr<hal::actuator::rmd_mc_x_v2>, hal::v5::strong_ptr<hal::input_pin>, hal::v5::strong_ptr<hal::steady_clock>, sjsu::drive::swerve_module_settings)
00000000 000000cc T sjsu::drive::swerve_module::swerve_module(hal::v5::strong_ptr<hal::actuator::rmd_mc_x_v2>, hal::v5::strong_ptr<hal::actuator::rmd_mc_x_v2>, hal::v5::strong_ptr<hal::input_pin>, hal::v5::strong_ptr<hal::steady_clock>, sjsu::drive::swerve_module_settings)
00000000 000000f4 T sjsu::drive::swerve_module::set_steer_motor_velocity(float)
00000000 00000140 T sjsu::drive::swerve_module::hard_home()
00000000 000003fc T sjsu::drive::swerve_module::set_target_state(sjsu::drive::swerve_module_state const&)

serial_commands.cpp.obj:
00000000 00000008 V typeinfo for hal::exception
00000000 0000000c V typeinfo for hal::argument_out_of_domain
00000000 00000011 V typeinfo name for hal::exception
00000000 0000001f V typeinfo name for hal::argument_out_of_domain
00000000 00000024 T sjsu::drivers::serial_commands::handler::handler(hal::v5::strong_ptr<hal::serial>)
00000000 00000024 T sjsu::drivers::serial_commands::handler::handler(hal::v5::strong_ptr<hal::serial>)
00000000 0000002c W hal::serial_v5_to_legacy_converter::driver_write(std::span<unsigned char const, 4294967295u>)
00000000 00000040 T sjsu::drivers::serial_commands::parse_int(std::span<unsigned char, 4294967295u>)
00000000 00000044 T sjsu::drivers::serial_commands::parse_float(std::span<unsigned char, 4294967295u>)
00000000 00000046 T sjsu::drivers::serial_commands::handler::prefix_match(char const*, std::span<unsigned char, 4294967295u>)
00000000 00000072 T sjsu::drivers::serial_commands::handler::parse(std::span<std::span<unsigned char, 4294967295u>, 4294967295u>&)
00000000 000000c2 W hal::serial_v5_to_legacy_converter::driver_read(std::span<unsigned char, 4294967295u>)
00000000 000001f4 T sjsu::drivers::serial_commands::handler::handle(std::span<sjsu::drivers::serial_commands::def, 4294967295u>)
00000000 0000025c T sjsu::drivers::serial_commands::handler::read()

stm32f103c8.cpp.obj:
00000000 00000001 b sjsu::drive::resources::gpio_a()::gpio
00000000 00000001 b sjsu::drive::resources::gpio_b()::gpio
00000000 00000001 b sjsu::drive::resources::gpio_c()::gpio
00000000 00000002 W std::pmr::monotonic_buffer_resource::do_deallocate(void*, unsigned int, unsigned int)
00000000 00000004 b guard variable for sjsu::drive::resources::driver_allocator()::resource
00000000 00000004 b guard variable for sjsu::drive::resources::gpio_a()::gpio
00000000 00000004 b guard variable for sjsu::drive::resources::gpio_b()::gpio
00000000 00000004 b guard variable for sjsu::drive::resources::gpio_c()::gpio
00000000 00000004 W hal::v5::detail::rc<hal::stm32f1::gpio_manager::input>::destroy_function(void const*)
00000000 00000004 W hal::v5::detail::rc<hal::stm32f1::gpio_manager::output>::destroy_function(void const*)
00000000 00000004 W hal::v5::detail::rc<hal::actuator::rmd_mc_x_v2>::destroy_function(void const*)
00000000 00000004 W hal::v5::detail::rc<hal::cortex_m::dwt_counter>::destroy_function(void const*)
00000000 00000004 B sjsu::drive::resources::can_filters_index
00000000 00000008 B sjsu::drive::resources::can_manager
00000000 00000008 B sjsu::drive::resources::console_ptr
00000000 00000008 B sjsu::drive::resources::back_left_prop_ptr
00000000 00000008 B sjsu::drive::resources::swerve_modules_ptr
00000000 00000008 B sjsu::drive::resources::back_left_steer_ptr
00000000 00000008 B sjsu::drive::resources::back_right_prop_ptr
00000000 00000008 B sjsu::drive::resources::can_bus_manager_ptr
00000000 00000008 B sjsu::drive::resources::can_transceiver_ptr
00000000 00000008 B sjsu::drive::resources::front_left_prop_ptr
00000000 00000008 B sjsu::drive::resources::back_right_steer_ptr
00000000 00000008 B sjsu::drive::resources::front_left_steer_ptr
00000000 00000008 B sjsu::drive::resources::front_right_prop_ptr
00000000 00000008 B sjsu::drive::resources::front_right_steer_ptr
00000000 00000008 B sjsu::drive::resources::back_left_limit_switch_ptr
00000000 00000008 B sjsu::drive::resources::back_left_swerve_module_ptr
00000000 00000008 B sjsu::drive::resources::back_right_limit_switch_ptr
00000000 00000008 B sjsu::drive::resources::front_left_limit_switch_ptr
00000000 00000008 B sjsu::drive::resources::back_right_swerve_module_ptr
00000000 00000008 B sjsu::drive::resources::front_left_swerve_module_ptr
00000000 00000008 B sjsu::drive::resources::front_right_limit_switch_ptr
00000000 00000008 B sjsu::drive::resources::front_right_swerve_module_ptr
00000000 00000008 B sjsu::drive::resources::led_ptr
00000000 00000008 B sjsu::drive::resources::clock_ptr
00000000 00000008 V typeinfo for hal::exception
00000000 0000000c V typeinfo for hal::bad_optional_ptr_access
00000000 0000000c V typeinfo for hal::unknown
00000000 0000000f V typeinfo name for hal::unknown
00000000 00000010 B sjsu::drive::resources::can_mask
00000000 00000011 V typeinfo name for hal::exception
00000000 00000012 W hal::v5::detail::rc<hal::stm32f1::can_peripheral_manager_v2>::destroy_function(void const*)
00000000 00000012 W hal::v5::detail::rc<hal::stm32f1::uart>::destroy_function(void const*)
00000000 00000020 V typeinfo name for hal::bad_optional_ptr_access
00000000 00000020 b sjsu::drive::resources::driver_allocator()::resource
00000000 00000024 t hal::v5::optional_ptr<sjsu::drive::swerve_module>::value() [clone .part.0]
00000000 00000024 t hal::v5::optional_ptr<hal::output_pin>::value() [clone .part.0]
00000000 00000024 t hal::v5::optional_ptr<hal::can_bus_manager>::value() [clone .part.0]
00000000 00000024 t hal::v5::optional_ptr<hal::can_mask_filter>::value() [clone .part.0]
00000000 00000024 t hal::v5::optional_ptr<hal::can_transceiver>::value() [clone .part.0]
00000000 00000024 t hal::v5::optional_ptr<hal::can_identifier_filter>::value() [clone .part.0]
00000000 00000024 t hal::v5::optional_ptr<hal::serial>::value() [clone .part.0]
00000000 00000024 t hal::v5::optional_ptr<hal::stm32f1::can_peripheral_manager_v2>::value() [clone .part.0]
00000000 00000024 t hal::v5::optional_ptr<hal::actuator::rmd_mc_x_v2>::value() [clone .part.0]
00000000 00000024 t hal::v5::optional_ptr<hal::input_pin>::value() [clone .part.0]
00000000 00000024 t hal::v5::optional_ptr<std::array<hal::v5::strong_ptr<sjsu::drive::swerve_module>, 4u> >::value() [clone .part.0]
00000000 00000034 r sjsu::drive::resources::back_left_settings
00000000 00000034 r sjsu::drive::resources::back_right_settings
00000000 00000034 r sjsu::drive::resources::front_left_settings
00000000 00000034 r sjsu::drive::resources::front_right_settings
00000000 00000038 T sjsu::drive::initialize_platform()
00000000 00000040 B sjsu::drive::resources::can_identifier_filters
00000000 00000040 T sjsu::drive::resources::gpio_a()
00000000 00000040 T sjsu::drive::resources::gpio_b()
00000000 00000040 T sjsu::drive::resources::gpio_c()
00000000 00000050 W hal::v5::detail::ptr_release(hal::v5::detail::ref_info*)
00000000 00000050 W std::pmr::monotonic_buffer_resource::do_allocate(unsigned int, unsigned int)
00000000 00000052 W void hal::print<64u, std::errc>(hal::serial&, char const*, std::errc)
00000000 00000054 W hal::v5::optional_ptr<sjsu::drive::swerve_module>::~optional_ptr()
00000000 00000054 W hal::v5::optional_ptr<sjsu::drive::swerve_module>::~optional_ptr()
00000000 00000054 W hal::v5::optional_ptr<hal::output_pin>::~optional_ptr()
00000000 00000054 W hal::v5::optional_ptr<hal::output_pin>::~optional_ptr()
00000000 00000054 W hal::v5::optional_ptr<hal::can_bus_manager>::~optional_ptr()
00000000 00000054 W hal::v5::optional_ptr<hal::can_bus_manager>::~optional_ptr()
00000000 00000054 W hal::v5::optional_ptr<hal::can_transceiver>::~optional_ptr()
00000000 00000054 W hal::v5::optional_ptr<hal::can_transceiver>::~optional_ptr()
00000000 00000054 W hal::v5::optional_ptr<hal::serial>::~optional_ptr()
00000000 00000054 W hal::v5::optional_ptr<hal::serial>::~optional_ptr()
00000000 00000054 W hal::v5::optional_ptr<hal::stm32f1::can_peripheral_manager_v2>::~optional_ptr()
00000000 00000054 W hal::v5::optional_ptr<hal::stm32f1::can_peripheral_manager_v2>::~optional_ptr()
00000000 00000054 W hal::v5::optional_ptr<hal::actuator::rmd_mc_x_v2>::~optional_ptr()
00000000 00000054 W hal::v5::optional_ptr<hal::actuator::rmd_mc_x_v2>::~optional_ptr()
00000000 00000054 W hal::v5::optional_ptr<hal::cortex_m::dwt_counter>::~optional_ptr()
00000000 00000054 W hal::v5::optional_ptr<hal::cortex_m::dwt_counter>::~optional_ptr()
00000000 00000054 W hal::v5::optional_ptr<hal::input_pin>::~optional_ptr()
00000000 00000054 W hal::v5::optional_ptr<hal::input_pin>::~optional_ptr()
00000000 00000054 W hal::v5::optional_ptr<std::array<hal::v5::strong_ptr<sjsu::drive::swerve_module>, 4u> >::~optional_ptr()
00000000 00000054 W hal::v5::optional_ptr<std::array<hal::v5::strong_ptr<sjsu::drive::swerve_module>, 4u> >::~optional_ptr()
00000000 0000005c W std::array<hal::v5::optional_ptr<hal::can_mask_filter>, 2u>::~array()
00000000 0000005c W std::array<hal::v5::optional_ptr<hal::can_mask_filter>, 2u>::~array()
00000000 00000064 W std::array<hal::v5::optional_ptr<hal::can_identifier_filter>, 8u>::~array()
00000000 00000064 W std::array<hal::v5::optional_ptr<hal::can_identifier_filter>, 8u>::~array()
00000000 0000006c W hal::v5::detail::rc<std::array<hal::v5::strong_ptr<sjsu::drive::swerve_module>, 4u> >::destroy_function(void const*)
00000000 00000070 T sjsu::drive::resources::driver_allocator()
00000000 0000007c T sjsu::drive::resources::stop()
00000000 00000080 b hal::create_unique_static_buffer<hal::{lambda()#2}, hal::buffer_t<128ull> >(hal::buffer_t<128ull>)::buffer
00000000 000000a8 T sjsu::drive::resources::terminate_handler()
00000000 0000012c W hal::v5::detail::rc<sjsu::drive::swerve_module>::destroy_function(void const*)
00000000 00000170 T sjsu::drive::resources::back_left_prop()
00000000 00000170 T sjsu::drive::resources::back_left_steer()
00000000 00000170 T sjsu::drive::resources::back_right_prop()
00000000 00000170 T sjsu::drive::resources::front_left_prop()
00000000 00000170 T sjsu::drive::resources::back_right_steer()
00000000 00000170 T sjsu::drive::resources::front_right_prop()
00000000 00000170 T sjsu::drive::resources::front_right_steer()
00000000 00000198 t _GLOBAL__sub_I__ZN4sjsu5drive9resources16driver_allocatorEv
00000000 00000208 T sjsu::drive::resources::console()
00000000 00000210 T sjsu::drive::resources::clock()
00000000 0000021c T sjsu::drive::resources::can_bus_manager()
00000000 0000021c T sjsu::drive::resources::can_transceiver()
00000000 00000234 T sjsu::drive::resources::back_left_limit_switch()
00000000 00000234 T sjsu::drive::resources::back_right_limit_switch()
00000000 00000234 T sjsu::drive::resources::front_left_limit_switch()
00000000 00000234 T sjsu::drive::resources::front_right_limit_switch()
00000000 00000238 T sjsu::drive::resources::status_led()
00000000 00000268 T sjsu::drive::resources::make_rmd(unsigned short)
00000000 0000029c W hal::v5::detail::rc<sjsu::drive::swerve_module>* std::pmr::polymorphic_allocator<std::byte>::new_object<hal::v5::detail::rc<sjsu::drive::swerve_module>, std::pmr::polymorphic_allocator<std::byte>&, hal::v5::strong_ptr<hal::actuator::rmd_mc_x_v2>, hal::v5::strong_ptr<hal::actuator::rmd_mc_x_v2>, hal::v5::strong_ptr<hal::input_pin>, hal::v5::strong_ptr<hal::steady_clock>, sjsu::drive::swerve_module_settings const&>(std::pmr::polymorphic_allocator<std::byte>&, hal::v5::strong_ptr<hal::actuator::rmd_mc_x_v2>&&, hal::v5::strong_ptr<hal::actuator::rmd_mc_x_v2>&&, hal::v5::strong_ptr<hal::input_pin>&&, hal::v5::strong_ptr<hal::steady_clock>&&, sjsu::drive::swerve_module_settings const&)
00000000 00000320 T sjsu::drive::resources::get_new_can_filter()
00000000 0000032e T sjsu::drive::resources::swerve_modules()
00000000 0000034a T sjsu::drive::resources::back_left_swerve_module()
00000000 0000034a T sjsu::drive::resources::back_right_swerve_module()
00000000 0000034a T sjsu::drive::resources::front_left_swerve_module()
00000000 0000034a T sjsu::drive::resources::front_right_swerve_module()
00000000 0000043c T sjsu::drive::resources::front_left_steer()
00000000 00000584 T sjsu::drive::resources::initialize_can()
00000000 00001000 b sjsu::drive::resources::driver_allocator()::driver_memory
